
> devcad-solutions-static@0.1.0 build
> next build

   ▲ Next.js 15.5.9

   Creating an optimized production build ...
 ✓ Compiled successfully in 3.9s
   Skipping validation of types
   Skipping linting
   Collecting page data ...
   Generating static pages (0/10) ...
   Generating static pages (2/10) 
   Generating static pages (4/10) 
   Generating static pages (7/10) 
 ✓ Generating static pages (10/10)
   Finalizing page optimization ...
   Collecting build traces ...
   Exporting (0/2) ...
 ✓ Exporting (2/2)

Route (app)                                 Size  First Load JS
┌ ○ /                                      173 B         111 kB
├ ○ /_not-found                            993 B         103 kB
├ ○ /about                                 177 B         111 kB
├ ○ /contact                               123 B         102 kB
├ ○ /downloads                             177 B         111 kB
├ ○ /services                              161 B         108 kB
└ ○ /work                                  177 B         111 kB
+ First Load JS shared by all             102 kB
  ├ chunks/255-59a2bd3032bafb9b.js       46.1 kB
  ├ chunks/4bd1b696-c023c6e3521b1417.js  54.2 kB
  └ other shared chunks (total)             2 kB


○  (Static)  prerendered as static content

